CPEN 431 EVALUATION test Client
Time: Mon Feb 27 22:03:50 PST 2023
Build Date: Mon Feb 27 21:34:34 PST 2023
Java process ID: 15060
Client Version: 1

[Info] A6 client running in TEST mode.

[Info] Starting A6 Tests

[Info] Skipping tests of local deployment since not running in submit mode.
[Info] You must have a local deployment of your KVS on 127.0.0.1 (localhost), port 43100 to run in submit mode!

[Info] Done building nodes' list.
[Info] The deployment has 20 server nodes.
[Test isAlive] for 127.0.0.1:10001
Sending WIPE-OUT to all servers...
[ ... Completed in 0.14 seconds ]
[OK]
Waiting for 5 seconds for the cache to be cleared!

[ TEST Basic PUT/GET (PUT -> GET). Value Length = 8 Bytes ]
TEST_PASSED

[ TEST Basic PUT/GET (PUT -> GET). Value Length = 32 Bytes ]
TEST_PASSED

[ TEST Basic PUT/GET (PUT -> GET). Value Length = 2048 Bytes ]
TEST_PASSED

[ TEST Basic PUT/GET (PUT -> GET). Value Length = 10000 Bytes ]
TEST_PASSED
Sending WIPE-OUT to all servers...
[ ... Completed in 0.007 seconds ]
[OK]
Waiting for 5 seconds for the cache to be cleared!


[ TEST Basic KVS with message version (PUT Version 1 -> GET -> PUT Version 2 -> GET). Value Length = 8 Bytes ]
TEST_PASSED


[ TEST Basic KVS with message version (PUT Version 1 -> GET -> PUT Version 2 -> GET). Value Length = 32 Bytes ]
TEST_PASSED


[ TEST Basic KVS with message version (PUT Version 1 -> GET -> PUT Version 2 -> GET). Value Length = 2048 Bytes ]
TEST_PASSED


[ TEST Basic KVS with message version (PUT Version 1 -> GET -> PUT Version 2 -> GET). Value Length = 10000 Bytes ]
TEST_PASSED
Sending WIPE-OUT to all servers...
[ ... Completed in 0.005 seconds ]
[OK]
Waiting for 5 seconds for the cache to be cleared!

[ TEST Basic REMOVE (PUT -> GET -> REM -> GET). Value Length = 32 Bytes. ]
TEST_PASSED
Sending WIPE-OUT to all servers...
[ ... Completed in 0.004 seconds ]
[OK]
Waiting for 5 seconds for the cache to be cleared!

[ TEST Double remove (PUT -> REM -> REM). Value Length = 32 Bytes. ]
TEST_PASSED
Sending WIPE-OUT to all servers...
[ ... Completed in 0.004 seconds ]
[OK]
Waiting for 5 seconds for the cache to be cleared!

[ TEST Invalid Command. ]
TEST_PASSED
Sending WIPE-OUT to all servers...
[ ... Completed in 0.006 seconds ]
[OK]
Waiting for 5 seconds for the cache to be cleared!

[ TEST At-Most-Once Client Policy (PUT -> REM -> REM). Value length =  32 Bytes ]
TEST_PASSED
Sending WIPE-OUT to all servers...
[ ... Completed in 0.005 seconds ]
[OK]
Waiting for 5 seconds for the cache to be cleared!

[ TEST At-Most-Once Client Policy Empty REMs (EMPTY -> REM -> REM) ]
TEST_PASSED
Sending WIPE-OUT to all servers...
[ ... Completed in 0.005 seconds ]
[OK]
Waiting for 5 seconds for the cache to be cleared!

[ TEST At-Most-Once Client Policy Error Return Code (REM -> PUT -> REM) ]
TEST_PASSED
Sending WIPE-OUT to all servers...
[ ... Completed in 0.004 seconds ]
[OK]
Waiting for 5 seconds for the cache to be cleared!

[ TEST At-Most-Once Client Policy (PUT -> REM -> many PUT -> REM). Value length =  32 Bytes ]
Pausing for 10 seconds to wait for the cache to be cleared!
TEST_PASSED

[ TEST At-Most-Once Client Policy For PUTs (PUT1 -> PUT2 -> PUT1 -> GET2) ]
TEST_PASSED
Sending WIPE-OUT to all servers...
[ ... Completed in 0.006 seconds ]
[OK]
Waiting for 5 seconds for the cache to be cleared!

[TEST Invalid Key ]
TEST_PASSED
Sending WIPE-OUT to all servers...
[ ... Completed in 0.005 seconds ]
[OK]
Waiting for 5 seconds for the cache to be cleared!

[TEST Invalid Value ]
TEST_PASSED
Sending WIPE-OUT to all servers...
[ ... Completed in 0.005 seconds ]
[OK]
Waiting for 5 seconds for the cache to be cleared!

[ TEST Single Front-End Performance (1 clients, 60.0 seconds): PUT -> GET (closed loop) ]
[Test isAlive] for 127.0.0.1:10001
[ ... Completed in 0.002 seconds ]
Single Front-End: Test Status: TEST_PASSED
Clients: 1
Total Requests (without replies): 88023
Total Requests (including replies): 88023
Successful Responses: 88023
Timeout Responses: 0
Total Failed Responses: 0
% Success: 100.0
% Timeout: 0.0
% Failed: 0.0
Response Time (Successful requests):
[max] 35ms, [min] 0ms
[avg] 0.5203412744396351 ms, [stdev] 0.8549223677290302ms
Throughput: 1467.0255495741737 requests per second
Goodput: 1467.0255495741737 requests per second
Retry Rate (Successful requests): 1.0
Sending WIPE-OUT to all servers...
[ ... Completed in 0.006 seconds ]
[OK]
Waiting for 5 seconds for the cache to be cleared!
[ ... TEST Completed in 65.108 seconds ]
[Info] Pausing for 6 seconds to wait for the cache to be cleared!

[ TEST Single Front-End Performance (2 clients, 60.0 seconds): PUT -> GET (closed loop) ]
[Test isAlive] for 127.0.0.1:10001
[ ... Completed in 0.0 seconds ]
Single Front-End: Test Status: TEST_PASSED
Clients: 2
Total Requests (without replies): 104455
Total Requests (including replies): 104455
Successful Responses: 104455
Timeout Responses: 0
Total Failed Responses: 0
% Success: 100.0
% Timeout: 0.0
% Failed: 0.0
Response Time (Successful requests):
[max] 26ms, [min] 0ms
[avg] 1.0058302618352402 ms, [stdev] 1.6421038906228667ms
Throughput: 1740.8876518724687 requests per second
Goodput: 1740.8876518724687 requests per second
Retry Rate (Successful requests): 1.0
Sending WIPE-OUT to all servers...
[ ... Completed in 0.003 seconds ]
[OK]
Waiting for 5 seconds for the cache to be cleared!
[ ... TEST Completed in 65.097 seconds ]
[Info] Pausing for 6 seconds to wait for the cache to be cleared!

[ TEST Single Front-End Performance (8 clients, 60.0 seconds): PUT -> GET (closed loop) ]
